The system is: Linux - 5.14.0-362.18.1.el9_3.x86_64 - x86_64
Compiling the CXX compiler identification source file "CMakeCXXCompilerId.cpp" succeeded.
Compiler: /usr/bin/c++ 
Build flags: -I/data0/biasissi/Scientific_Computing/my_libraries/hdf5/include;-I/data0/biasissi/Scientific_Computing/my_libraries/gsl/include;-I/data0/biasissi/Scientific_Computing/my_libraries/fftw3/include;-I/
Id flags:  

The output was:
0


Compilation of the CXX compiler identification source "CMakeCXXCompilerId.cpp" produced "a.out"

The CXX compiler identification is GNU, found in "/data0/biasissi/Scientific_Computing/g++/Task07/CMakeFiles/3.20.2/CompilerIdCXX/a.out"

Detecting CXX compiler ABI info compiled with the following output:
Change Dir: /data0/biasissi/Scientific_Computing/g++/Task07/CMakeFiles/CMakeTmp

Run Build Command(s):/usr/bin/gmake -f Makefile cmTC_d2379/fast && /usr/bin/gmake  -f CMakeFiles/cmTC_d2379.dir/build.make CMakeFiles/cmTC_d2379.dir/build
gmake[1]: Entering directory '/data0/biasissi/Scientific_Computing/g++/Task07/CMakeFiles/CMakeTmp'
Building CXX object CMakeFiles/cmTC_d2379.dir/CMakeCXXCompilerABI.cpp.o
/usr/bin/c++   -I/data0/biasissi/Scientific_Computing/my_libraries/hdf5/include -I/data0/biasissi/Scientific_Computing/my_libraries/gsl/include -I/data0/biasissi/Scientific_Computing/my_libraries/fftw3/include -I/    -v -o CMakeFiles/cmTC_d2379.dir/CMakeCXXCompilerABI.cpp.o -c /usr/share/cmake/Modules/CMakeCXXCompilerABI.cpp
Using built-in specs.
COLLECT_GCC=/usr/bin/c++
OFFLOAD_TARGET_NAMES=nvptx-none
OFFLOAD_TARGET_DEFAULT=1
Target: x86_64-redhat-linux
Configured with: ../configure --enable-bootstrap --enable-host-pie --enable-host-bind-now --enable-languages=c,c++,fortran,lto --prefix=/usr --mandir=/usr/share/man --infodir=/usr/share/info --with-bugurl=http://bugs.almalinux.org/ --enable-shared --enable-threads=posix --enable-checking=release --with-system-zlib --enable-__cxa_atexit --disable-libunwind-exceptions --enable-gnu-unique-object --enable-linker-build-id --with-gcc-major-version-only --enable-plugin --enable-initfini-array --without-isl --enable-multilib --with-linker-hash-style=gnu --enable-offload-targets=nvptx-none --without-cuda-driver --enable-gnu-indirect-function --enable-cet --with-tune=generic --with-arch_64=x86-64-v2 --with-arch_32=x86-64 --build=x86_64-redhat-linux --with-build-config=bootstrap-lto --enable-link-serialization=1
Thread model: posix
Supported LTO compression algorithms: zlib zstd
gcc version 11.5.0 20240719 (Red Hat 11.5.0-2) (GCC) 
COLLECT_GCC_OPTIONS='-I' '/data0/biasissi/Scientific_Computing/my_libraries/hdf5/include' '-I' '/data0/biasissi/Scientific_Computing/my_libraries/gsl/include' '-I' '/data0/biasissi/Scientific_Computing/my_libraries/fftw3/include' '-I' '/' '-v' '-o' 'CMakeFiles/cmTC_d2379.dir/CMakeCXXCompilerABI.cpp.o' '-c' '-shared-libgcc' '-mtune=generic' '-march=x86-64-v2' '-dumpdir' 'CMakeFiles/cmTC_d2379.dir/'
 /usr/libexec/gcc/x86_64-redhat-linux/11/cc1plus -quiet -v -I /data0/biasissi/Scientific_Computing/my_libraries/hdf5/include -I /data0/biasissi/Scientific_Computing/my_libraries/gsl/include -I /data0/biasissi/Scientific_Computing/my_libraries/fftw3/include -I / -D_GNU_SOURCE /usr/share/cmake/Modules/CMakeCXXCompilerABI.cpp -quiet -dumpdir CMakeFiles/cmTC_d2379.dir/ -dumpbase CMakeCXXCompilerABI.cpp.cpp -dumpbase-ext .cpp -mtune=generic -march=x86-64-v2 -version -o /tmp/ccufsJP9.s
GNU C++17 (GCC) version 11.5.0 20240719 (Red Hat 11.5.0-2) (x86_64-redhat-linux)
	compiled by GNU C version 11.5.0 20240719 (Red Hat 11.5.0-2), GMP version 6.2.0, MPFR version 4.1.0-p9, MPC version 1.2.1, isl version none
GGC heuristics: --param ggc-min-expand=100 --param ggc-min-heapsize=131072
ignoring nonexistent directory "/usr/lib/gcc/x86_64-redhat-linux/11/include-fixed"
ignoring nonexistent directory "/usr/lib/gcc/x86_64-redhat-linux/11/../../../../x86_64-redhat-linux/include"
ignoring duplicate directory "/data0/biasissi/Scientific_Computing/my_libraries/fftw3/include"
ignoring duplicate directory "/data0/biasissi/Scientific_Computing/my_libraries/gsl/include"
ignoring duplicate directory "/data0/biasissi/Scientific_Computing/my_libraries/hdf5/include"
ignoring duplicate directory "/data0/biasissi/Scientific_Computing/my_libraries/fftw3/include"
ignoring duplicate directory "/data0/biasissi/Scientific_Computing/my_libraries/gsl/include"
ignoring duplicate directory "/data0/biasissi/Scientific_Computing/my_libraries/hdf5/include"
ignoring duplicate directory "/data0/biasissi/Scientific_Computing/my_libraries/catch/include"
ignoring duplicate directory "/data0/biasissi/Scientific_Computing/my_libraries/fftw3/include"
ignoring duplicate directory "/data0/biasissi/Scientific_Computing/my_libraries/gsl/include"
ignoring duplicate directory "/data0/biasissi/Scientific_Computing/my_libraries/hdf5/include"
ignoring nonexistent directory "/data0/biasissi/Scientific_Computing/my_libraries/catch2/include"
ignoring duplicate directory "/data0/biasissi/Scientific_Computing/my_libraries/fftw3/include"
ignoring duplicate directory "/data0/biasissi/Scientific_Computing/my_libraries/gsl/include"
ignoring duplicate directory "/data0/biasissi/Scientific_Computing/my_libraries/hdf5/include"
ignoring duplicate directory "/data0/biasissi/Scientific_Computing/my_libraries/gsl/include"
ignoring duplicate directory "/data0/biasissi/Scientific_Computing/my_libraries/hdf5/include"
ignoring duplicate directory "/data0/biasissi/Scientific_Computing/my_libraries/gsl/include"
ignoring duplicate directory "/data0/biasissi/Scientific_Computing/my_libraries/hdf5/include"
#include "..." search starts here:
#include <...> search starts here:
 /data0/biasissi/Scientific_Computing/my_libraries/hdf5/include
 /data0/biasissi/Scientific_Computing/my_libraries/gsl/include
 /data0/biasissi/Scientific_Computing/my_libraries/fftw3/include
 /
 /data0/biasissi/Scientific_Computing/my_libraries/catch/include
 .
 /usr/lib/gcc/x86_64-redhat-linux/11/../../../../include/c++/11
 /usr/lib/gcc/x86_64-redhat-linux/11/../../../../include/c++/11/x86_64-redhat-linux
 /usr/lib/gcc/x86_64-redhat-linux/11/../../../../include/c++/11/backward
 /usr/lib/gcc/x86_64-redhat-linux/11/include
 /usr/local/include
 /usr/include
End of search list.
GNU C++17 (GCC) version 11.5.0 20240719 (Red Hat 11.5.0-2) (x86_64-redhat-linux)
	compiled by GNU C version 11.5.0 20240719 (Red Hat 11.5.0-2), GMP version 6.2.0, MPFR version 4.1.0-p9, MPC version 1.2.1, isl version none
GGC heuristics: --param ggc-min-expand=100 --param ggc-min-heapsize=131072
Compiler executable checksum: 4bdbef27247e537be6cd8778b035421b
COLLECT_GCC_OPTIONS='-I' '/data0/biasissi/Scientific_Computing/my_libraries/hdf5/include' '-I' '/data0/biasissi/Scientific_Computing/my_libraries/gsl/include' '-I' '/data0/biasissi/Scientific_Computing/my_libraries/fftw3/include' '-I' '/' '-v' '-o' 'CMakeFiles/cmTC_d2379.dir/CMakeCXXCompilerABI.cpp.o' '-c' '-shared-libgcc' '-mtune=generic' '-march=x86-64-v2' '-dumpdir' 'CMakeFiles/cmTC_d2379.dir/'
 as -v -I /data0/biasissi/Scientific_Computing/my_libraries/hdf5/include -I /data0/biasissi/Scientific_Computing/my_libraries/gsl/include -I /data0/biasissi/Scientific_Computing/my_libraries/fftw3/include -I / --64 -o CMakeFiles/cmTC_d2379.dir/CMakeCXXCompilerABI.cpp.o /tmp/ccufsJP9.s
GNU assembler version 2.35.2 (x86_64-redhat-linux) using BFD version version 2.35.2-42.el9
COMPILER_PATH=/usr/libexec/gcc/x86_64-redhat-linux/11/:/usr/libexec/gcc/x86_64-redhat-linux/11/:/usr/libexec/gcc/x86_64-redhat-linux/:/usr/lib/gcc/x86_64-redhat-linux/11/:/usr/lib/gcc/x86_64-redhat-linux/
LIBRARY_PATH=/usr/lib/gcc/x86_64-redhat-linux/11/:/usr/lib/gcc/x86_64-redhat-linux/11/../../../../lib64/:/lib/../lib64/:/usr/lib/../lib64/:/data0/biasissi/Scientific_Computing/my_libraries/fftw3/lib/:/data0/biasissi/Scientific_Computing/my_libraries/gsl/lib/:/data0/biasissi/Scientific_Computing/my_libraries/hdf5/lib/:/data0/biasissi/Scientific_Computing/my_libraries/fftw3/lib/:/data0/biasissi/Scientific_Computing/my_libraries/gsl/lib/:/data0/biasissi/Scientific_Computing/my_libraries/hdf5/lib/:/data0/biasissi/Scientific_Computing/my_libraries/fftw3/lib/:/data0/biasissi/Scientific_Computing/my_libraries/gsl/lib/:/data0/biasissi/Scientific_Computing/my_libraries/hdf5/lib/:/data0/biasissi/Scientific_Computing/my_libraries/fftw3/lib/:/data0/biasissi/Scientific_Computing/my_libraries/gsl/lib/:/data0/biasissi/Scientific_Computing/my_libraries/hdf5/lib/:/data0/biasissi/Scientific_Computing/my_libraries/gsl/lib/:/data0/biasissi/Scientific_Computing/my_libraries/hdf5/lib/:/data0/biasissi/Scientific_Computing/my_libraries/gsl/lib/:/data0/biasissi/Scientific_Computing/my_libraries/hdf5/lib/:./:/usr/lib/gcc/x86_64-redhat-linux/11/../../../:/lib/:/usr/lib/
COLLECT_GCC_OPTIONS='-I' '/data0/biasissi/Scientific_Computing/my_libraries/hdf5/include' '-I' '/data0/biasissi/Scientific_Computing/my_libraries/gsl/include' '-I' '/data0/biasissi/Scientific_Computing/my_libraries/fftw3/include' '-I' '/' '-v' '-o' 'CMakeFiles/cmTC_d2379.dir/CMakeCXXCompilerABI.cpp.o' '-c' '-shared-libgcc' '-mtune=generic' '-march=x86-64-v2' '-dumpdir' 'CMakeFiles/cmTC_d2379.dir/CMakeCXXCompilerABI.cpp.'
Linking CXX executable cmTC_d2379
/usr/bin/cmake -E cmake_link_script CMakeFiles/cmTC_d2379.dir/link.txt --verbose=1
/usr/bin/c++ -I/data0/biasissi/Scientific_Computing/my_libraries/hdf5/include -I/data0/biasissi/Scientific_Computing/my_libraries/gsl/include -I/data0/biasissi/Scientific_Computing/my_libraries/fftw3/include -I/  -L/data0/biasissi/Scientific_Computing/my_libraries/hdf5/lib -L/data0/biasissi/Scientific_Computing/my_libraries/gsl/lib -lhdf5 -lgsl -lgslcblas -L/data0/biasissi/Scientific_Computing/my_libraries/fftw3/lib -lfftw3 -v CMakeFiles/cmTC_d2379.dir/CMakeCXXCompilerABI.cpp.o -o cmTC_d2379 
Using built-in specs.
COLLECT_GCC=/usr/bin/c++
COLLECT_LTO_WRAPPER=/usr/libexec/gcc/x86_64-redhat-linux/11/lto-wrapper
OFFLOAD_TARGET_NAMES=nvptx-none
OFFLOAD_TARGET_DEFAULT=1
Target: x86_64-redhat-linux
Configured with: ../configure --enable-bootstrap --enable-host-pie --enable-host-bind-now --enable-languages=c,c++,fortran,lto --prefix=/usr --mandir=/usr/share/man --infodir=/usr/share/info --with-bugurl=http://bugs.almalinux.org/ --enable-shared --enable-threads=posix --enable-checking=release --with-system-zlib --enable-__cxa_atexit --disable-libunwind-exceptions --enable-gnu-unique-object --enable-linker-build-id --with-gcc-major-version-only --enable-plugin --enable-initfini-array --without-isl --enable-multilib --with-linker-hash-style=gnu --enable-offload-targets=nvptx-none --without-cuda-driver --enable-gnu-indirect-function --enable-cet --with-tune=generic --with-arch_64=x86-64-v2 --with-arch_32=x86-64 --build=x86_64-redhat-linux --with-build-config=bootstrap-lto --enable-link-serialization=1
Thread model: posix
Supported LTO compression algorithms: zlib zstd
gcc version 11.5.0 20240719 (Red Hat 11.5.0-2) (GCC) 
COMPILER_PATH=/usr/libexec/gcc/x86_64-redhat-linux/11/:/usr/libexec/gcc/x86_64-redhat-linux/11/:/usr/libexec/gcc/x86_64-redhat-linux/:/usr/lib/gcc/x86_64-redhat-linux/11/:/usr/lib/gcc/x86_64-redhat-linux/
LIBRARY_PATH=/usr/lib/gcc/x86_64-redhat-linux/11/:/usr/lib/gcc/x86_64-redhat-linux/11/../../../../lib64/:/lib/../lib64/:/usr/lib/../lib64/:/data0/biasissi/Scientific_Computing/my_libraries/fftw3/lib/:/data0/biasissi/Scientific_Computing/my_libraries/gsl/lib/:/data0/biasissi/Scientific_Computing/my_libraries/hdf5/lib/:/data0/biasissi/Scientific_Computing/my_libraries/fftw3/lib/:/data0/biasissi/Scientific_Computing/my_libraries/gsl/lib/:/data0/biasissi/Scientific_Computing/my_libraries/hdf5/lib/:/data0/biasissi/Scientific_Computing/my_libraries/fftw3/lib/:/data0/biasissi/Scientific_Computing/my_libraries/gsl/lib/:/data0/biasissi/Scientific_Computing/my_libraries/hdf5/lib/:/data0/biasissi/Scientific_Computing/my_libraries/fftw3/lib/:/data0/biasissi/Scientific_Computing/my_libraries/gsl/lib/:/data0/biasissi/Scientific_Computing/my_libraries/hdf5/lib/:/data0/biasissi/Scientific_Computing/my_libraries/gsl/lib/:/data0/biasissi/Scientific_Computing/my_libraries/hdf5/lib/:/data0/biasissi/Scientific_Computing/my_libraries/gsl/lib/:/data0/biasissi/Scientific_Computing/my_libraries/hdf5/lib/:./:/usr/lib/gcc/x86_64-redhat-linux/11/../../../:/lib/:/usr/lib/
COLLECT_GCC_OPTIONS='-I' '/data0/biasissi/Scientific_Computing/my_libraries/hdf5/include' '-I' '/data0/biasissi/Scientific_Computing/my_libraries/gsl/include' '-I' '/data0/biasissi/Scientific_Computing/my_libraries/fftw3/include' '-I' '/' '-L/data0/biasissi/Scientific_Computing/my_libraries/hdf5/lib' '-L/data0/biasissi/Scientific_Computing/my_libraries/gsl/lib' '-L/data0/biasissi/Scientific_Computing/my_libraries/fftw3/lib' '-v' '-o' 'cmTC_d2379' '-shared-libgcc' '-mtune=generic' '-march=x86-64-v2' '-dumpdir' 'cmTC_d2379.'
 /usr/libexec/gcc/x86_64-redhat-linux/11/collect2 -plugin /usr/libexec/gcc/x86_64-redhat-linux/11/liblto_plugin.so -plugin-opt=/usr/libexec/gcc/x86_64-redhat-linux/11/lto-wrapper -plugin-opt=-fresolution=/tmp/ccOm5tx5.res -plugin-opt=-pass-through=-lgcc_s -plugin-opt=-pass-through=-lgcc -plugin-opt=-pass-through=-lc -plugin-opt=-pass-through=-lgcc_s -plugin-opt=-pass-through=-lgcc --build-id --no-add-needed --eh-frame-hdr --hash-style=gnu -m elf_x86_64 -dynamic-linker /lib64/ld-linux-x86-64.so.2 -o cmTC_d2379 /usr/lib/gcc/x86_64-redhat-linux/11/../../../../lib64/crt1.o /usr/lib/gcc/x86_64-redhat-linux/11/../../../../lib64/crti.o /usr/lib/gcc/x86_64-redhat-linux/11/crtbegin.o -L/data0/biasissi/Scientific_Computing/my_libraries/hdf5/lib -L/data0/biasissi/Scientific_Computing/my_libraries/gsl/lib -L/data0/biasissi/Scientific_Computing/my_libraries/fftw3/lib -L/usr/lib/gcc/x86_64-redhat-linux/11 -L/usr/lib/gcc/x86_64-redhat-linux/11/../../../../lib64 -L/lib/../lib64 -L/usr/lib/../lib64 -L/data0/biasissi/Scientific_Computing/my_libraries/fftw3/lib -L/data0/biasissi/Scientific_Computing/my_libraries/gsl/lib -L/data0/biasissi/Scientific_Computing/my_libraries/hdf5/lib -L/data0/biasissi/Scientific_Computing/my_libraries/fftw3/lib -L/data0/biasissi/Scientific_Computing/my_libraries/gsl/lib -L/data0/biasissi/Scientific_Computing/my_libraries/hdf5/lib -L/data0/biasissi/Scientific_Computing/my_libraries/fftw3/lib -L/data0/biasissi/Scientific_Computing/my_libraries/gsl/lib -L/data0/biasissi/Scientific_Computing/my_libraries/hdf5/lib -L/data0/biasissi/Scientific_Computing/my_libraries/fftw3/lib -L/data0/biasissi/Scientific_Computing/my_libraries/gsl/lib -L/data0/biasissi/Scientific_Computing/my_libraries/hdf5/lib -L/data0/biasissi/Scientific_Computing/my_libraries/gsl/lib -L/data0/biasissi/Scientific_Computing/my_libraries/hdf5/lib -L/data0/biasissi/Scientific_Computing/my_libraries/gsl/lib -L/data0/biasissi/Scientific_Computing/my_libraries/hdf5/lib -L. -L/usr/lib/gcc/x86_64-redhat-linux/11/../../.. -lhdf5 -lgsl -lgslcblas -lfftw3 CMakeFiles/cmTC_d2379.dir/CMakeCXXCompilerABI.cpp.o -lstdc++ -lm -lgcc_s -lgcc -lc -lgcc_s -lgcc /usr/lib/gcc/x86_64-redhat-linux/11/crtend.o /usr/lib/gcc/x86_64-redhat-linux/11/../../../../lib64/crtn.o
COLLECT_GCC_OPTIONS='-I' '/data0/biasissi/Scientific_Computing/my_libraries/hdf5/include' '-I' '/data0/biasissi/Scientific_Computing/my_libraries/gsl/include' '-I' '/data0/biasissi/Scientific_Computing/my_libraries/fftw3/include' '-I' '/' '-L/data0/biasissi/Scientific_Computing/my_libraries/hdf5/lib' '-L/data0/biasissi/Scientific_Computing/my_libraries/gsl/lib' '-L/data0/biasissi/Scientific_Computing/my_libraries/fftw3/lib' '-v' '-o' 'cmTC_d2379' '-shared-libgcc' '-mtune=generic' '-march=x86-64-v2' '-dumpdir' 'cmTC_d2379.'
gmake[1]: Leaving directory '/data0/biasissi/Scientific_Computing/g++/Task07/CMakeFiles/CMakeTmp'



Parsed CXX implicit include dir info from above output: rv=done
  found start of include info
  found start of implicit include info
    add: [/data0/biasissi/Scientific_Computing/my_libraries/hdf5/include]
    add: [/data0/biasissi/Scientific_Computing/my_libraries/gsl/include]
    add: [/data0/biasissi/Scientific_Computing/my_libraries/fftw3/include]
    add: [/]
    add: [/data0/biasissi/Scientific_Computing/my_libraries/catch/include]
    add: [.]
    add: [/usr/lib/gcc/x86_64-redhat-linux/11/../../../../include/c++/11]
    add: [/usr/lib/gcc/x86_64-redhat-linux/11/../../../../include/c++/11/x86_64-redhat-linux]
    add: [/usr/lib/gcc/x86_64-redhat-linux/11/../../../../include/c++/11/backward]
    add: [/usr/lib/gcc/x86_64-redhat-linux/11/include]
    add: [/usr/local/include]
    add: [/usr/include]
  end of search list found
  collapse include dir [/data0/biasissi/Scientific_Computing/my_libraries/hdf5/include] ==> [/data0/biasissi/Scientific_Computing/my_libraries/hdf5/include]
  collapse include dir [/data0/biasissi/Scientific_Computing/my_libraries/gsl/include] ==> [/data0/biasissi/Scientific_Computing/my_libraries/gsl/include]
  collapse include dir [/data0/biasissi/Scientific_Computing/my_libraries/fftw3/include] ==> [/data0/biasissi/Scientific_Computing/my_libraries/fftw3/include]
  collapse include dir [/] ==> [/]
  collapse include dir [/data0/biasissi/Scientific_Computing/my_libraries/catch/include] ==> [/data0/biasissi/Scientific_Computing/my_libraries/catch/include]
  skipping relative include dir [.]
  collapse include dir [/usr/lib/gcc/x86_64-redhat-linux/11/../../../../include/c++/11] ==> [/usr/include/c++/11]
  collapse include dir [/usr/lib/gcc/x86_64-redhat-linux/11/../../../../include/c++/11/x86_64-redhat-linux] ==> [/usr/include/c++/11/x86_64-redhat-linux]
  collapse include dir [/usr/lib/gcc/x86_64-redhat-linux/11/../../../../include/c++/11/backward] ==> [/usr/include/c++/11/backward]
  collapse include dir [/usr/lib/gcc/x86_64-redhat-linux/11/include] ==> [/usr/lib/gcc/x86_64-redhat-linux/11/include]
  collapse include dir [/usr/local/include] ==> [/usr/local/include]
  collapse include dir [/usr/include] ==> [/usr/include]
  implicit include dirs: [/data0/biasissi/Scientific_Computing/my_libraries/hdf5/include;/data0/biasissi/Scientific_Computing/my_libraries/gsl/include;/data0/biasissi/Scientific_Computing/my_libraries/fftw3/include;/;/data0/biasissi/Scientific_Computing/my_libraries/catch/include;/usr/include/c++/11;/usr/include/c++/11/x86_64-redhat-linux;/usr/include/c++/11/backward;/usr/lib/gcc/x86_64-redhat-linux/11/include;/usr/local/include;/usr/include]


Parsed CXX implicit link information from above output:
  link line regex: [^( *|.*[/\])(ld|CMAKE_LINK_STARTFILE-NOTFOUND|([^/\]+-)?ld|collect2)[^/\]*( |$)]
  ignore line: [Change Dir: /data0/biasissi/Scientific_Computing/g++/Task07/CMakeFiles/CMakeTmp]
  ignore line: []
  ignore line: [Run Build Command(s):/usr/bin/gmake -f Makefile cmTC_d2379/fast && /usr/bin/gmake  -f CMakeFiles/cmTC_d2379.dir/build.make CMakeFiles/cmTC_d2379.dir/build]
  ignore line: [gmake[1]: Entering directory '/data0/biasissi/Scientific_Computing/g++/Task07/CMakeFiles/CMakeTmp']
  ignore line: [Building CXX object CMakeFiles/cmTC_d2379.dir/CMakeCXXCompilerABI.cpp.o]
  ignore line: [/usr/bin/c++   -I/data0/biasissi/Scientific_Computing/my_libraries/hdf5/include -I/data0/biasissi/Scientific_Computing/my_libraries/gsl/include -I/data0/biasissi/Scientific_Computing/my_libraries/fftw3/include -I/    -v -o CMakeFiles/cmTC_d2379.dir/CMakeCXXCompilerABI.cpp.o -c /usr/share/cmake/Modules/CMakeCXXCompilerABI.cpp]
  ignore line: [Using built-in specs.]
  ignore line: [COLLECT_GCC=/usr/bin/c++]
  ignore line: [OFFLOAD_TARGET_NAMES=nvptx-none]
  ignore line: [OFFLOAD_TARGET_DEFAULT=1]
  ignore line: [Target: x86_64-redhat-linux]
  ignore line: [Configured with: ../configure --enable-bootstrap --enable-host-pie --enable-host-bind-now --enable-languages=c c++ fortran lto --prefix=/usr --mandir=/usr/share/man --infodir=/usr/share/info --with-bugurl=http://bugs.almalinux.org/ --enable-shared --enable-threads=posix --enable-checking=release --with-system-zlib --enable-__cxa_atexit --disable-libunwind-exceptions --enable-gnu-unique-object --enable-linker-build-id --with-gcc-major-version-only --enable-plugin --enable-initfini-array --without-isl --enable-multilib --with-linker-hash-style=gnu --enable-offload-targets=nvptx-none --without-cuda-driver --enable-gnu-indirect-function --enable-cet --with-tune=generic --with-arch_64=x86-64-v2 --with-arch_32=x86-64 --build=x86_64-redhat-linux --with-build-config=bootstrap-lto --enable-link-serialization=1]
  ignore line: [Thread model: posix]
  ignore line: [Supported LTO compression algorithms: zlib zstd]
  ignore line: [gcc version 11.5.0 20240719 (Red Hat 11.5.0-2) (GCC) ]
  ignore line: [COLLECT_GCC_OPTIONS='-I' '/data0/biasissi/Scientific_Computing/my_libraries/hdf5/include' '-I' '/data0/biasissi/Scientific_Computing/my_libraries/gsl/include' '-I' '/data0/biasissi/Scientific_Computing/my_libraries/fftw3/include' '-I' '/' '-v' '-o' 'CMakeFiles/cmTC_d2379.dir/CMakeCXXCompilerABI.cpp.o' '-c' '-shared-libgcc' '-mtune=generic' '-march=x86-64-v2' '-dumpdir' 'CMakeFiles/cmTC_d2379.dir/']
  ignore line: [ /usr/libexec/gcc/x86_64-redhat-linux/11/cc1plus -quiet -v -I /data0/biasissi/Scientific_Computing/my_libraries/hdf5/include -I /data0/biasissi/Scientific_Computing/my_libraries/gsl/include -I /data0/biasissi/Scientific_Computing/my_libraries/fftw3/include -I / -D_GNU_SOURCE /usr/share/cmake/Modules/CMakeCXXCompilerABI.cpp -quiet -dumpdir CMakeFiles/cmTC_d2379.dir/ -dumpbase CMakeCXXCompilerABI.cpp.cpp -dumpbase-ext .cpp -mtune=generic -march=x86-64-v2 -version -o /tmp/ccufsJP9.s]
  ignore line: [GNU C++17 (GCC) version 11.5.0 20240719 (Red Hat 11.5.0-2) (x86_64-redhat-linux)]
  ignore line: [	compiled by GNU C version 11.5.0 20240719 (Red Hat 11.5.0-2)  GMP version 6.2.0  MPFR version 4.1.0-p9  MPC version 1.2.1  isl version none]
  ignore line: [GGC heuristics: --param ggc-min-expand=100 --param ggc-min-heapsize=131072]
  ignore line: [ignoring nonexistent directory "/usr/lib/gcc/x86_64-redhat-linux/11/include-fixed"]
  ignore line: [ignoring nonexistent directory "/usr/lib/gcc/x86_64-redhat-linux/11/../../../../x86_64-redhat-linux/include"]
  ignore line: [ignoring duplicate directory "/data0/biasissi/Scientific_Computing/my_libraries/fftw3/include"]
  ignore line: [ignoring duplicate directory "/data0/biasissi/Scientific_Computing/my_libraries/gsl/include"]
  ignore line: [ignoring duplicate directory "/data0/biasissi/Scientific_Computing/my_libraries/hdf5/include"]
  ignore line: [ignoring duplicate directory "/data0/biasissi/Scientific_Computing/my_libraries/fftw3/include"]
  ignore line: [ignoring duplicate directory "/data0/biasissi/Scientific_Computing/my_libraries/gsl/include"]
  ignore line: [ignoring duplicate directory "/data0/biasissi/Scientific_Computing/my_libraries/hdf5/include"]
  ignore line: [ignoring duplicate directory "/data0/biasissi/Scientific_Computing/my_libraries/catch/include"]
  ignore line: [ignoring duplicate directory "/data0/biasissi/Scientific_Computing/my_libraries/fftw3/include"]
  ignore line: [ignoring duplicate directory "/data0/biasissi/Scientific_Computing/my_libraries/gsl/include"]
  ignore line: [ignoring duplicate directory "/data0/biasissi/Scientific_Computing/my_libraries/hdf5/include"]
  ignore line: [ignoring nonexistent directory "/data0/biasissi/Scientific_Computing/my_libraries/catch2/include"]
  ignore line: [ignoring duplicate directory "/data0/biasissi/Scientific_Computing/my_libraries/fftw3/include"]
  ignore line: [ignoring duplicate directory "/data0/biasissi/Scientific_Computing/my_libraries/gsl/include"]
  ignore line: [ignoring duplicate directory "/data0/biasissi/Scientific_Computing/my_libraries/hdf5/include"]
  ignore line: [ignoring duplicate directory "/data0/biasissi/Scientific_Computing/my_libraries/gsl/include"]
  ignore line: [ignoring duplicate directory "/data0/biasissi/Scientific_Computing/my_libraries/hdf5/include"]
  ignore line: [ignoring duplicate directory "/data0/biasissi/Scientific_Computing/my_libraries/gsl/include"]
  ignore line: [ignoring duplicate directory "/data0/biasissi/Scientific_Computing/my_libraries/hdf5/include"]
  ignore line: [#include "..." search starts here:]
  ignore line: [#include <...> search starts here:]
  ignore line: [ /data0/biasissi/Scientific_Computing/my_libraries/hdf5/include]
  ignore line: [ /data0/biasissi/Scientific_Computing/my_libraries/gsl/include]
  ignore line: [ /data0/biasissi/Scientific_Computing/my_libraries/fftw3/include]
  ignore line: [ /]
  ignore line: [ /data0/biasissi/Scientific_Computing/my_libraries/catch/include]
  ignore line: [ .]
  ignore line: [ /usr/lib/gcc/x86_64-redhat-linux/11/../../../../include/c++/11]
  ignore line: [ /usr/lib/gcc/x86_64-redhat-linux/11/../../../../include/c++/11/x86_64-redhat-linux]
  ignore line: [ /usr/lib/gcc/x86_64-redhat-linux/11/../../../../include/c++/11/backward]
  ignore line: [ /usr/lib/gcc/x86_64-redhat-linux/11/include]
  ignore line: [ /usr/local/include]
  ignore line: [ /usr/include]
  ignore line: [End of search list.]
  ignore line: [GNU C++17 (GCC) version 11.5.0 20240719 (Red Hat 11.5.0-2) (x86_64-redhat-linux)]
  ignore line: [	compiled by GNU C version 11.5.0 20240719 (Red Hat 11.5.0-2)  GMP version 6.2.0  MPFR version 4.1.0-p9  MPC version 1.2.1  isl version none]
  ignore line: [GGC heuristics: --param ggc-min-expand=100 --param ggc-min-heapsize=131072]
  ignore line: [Compiler executable checksum: 4bdbef27247e537be6cd8778b035421b]
  ignore line: [COLLECT_GCC_OPTIONS='-I' '/data0/biasissi/Scientific_Computing/my_libraries/hdf5/include' '-I' '/data0/biasissi/Scientific_Computing/my_libraries/gsl/include' '-I' '/data0/biasissi/Scientific_Computing/my_libraries/fftw3/include' '-I' '/' '-v' '-o' 'CMakeFiles/cmTC_d2379.dir/CMakeCXXCompilerABI.cpp.o' '-c' '-shared-libgcc' '-mtune=generic' '-march=x86-64-v2' '-dumpdir' 'CMakeFiles/cmTC_d2379.dir/']
  ignore line: [ as -v -I /data0/biasissi/Scientific_Computing/my_libraries/hdf5/include -I /data0/biasissi/Scientific_Computing/my_libraries/gsl/include -I /data0/biasissi/Scientific_Computing/my_libraries/fftw3/include -I / --64 -o CMakeFiles/cmTC_d2379.dir/CMakeCXXCompilerABI.cpp.o /tmp/ccufsJP9.s]
  ignore line: [GNU assembler version 2.35.2 (x86_64-redhat-linux) using BFD version version 2.35.2-42.el9]
  ignore line: [COMPILER_PATH=/usr/libexec/gcc/x86_64-redhat-linux/11/:/usr/libexec/gcc/x86_64-redhat-linux/11/:/usr/libexec/gcc/x86_64-redhat-linux/:/usr/lib/gcc/x86_64-redhat-linux/11/:/usr/lib/gcc/x86_64-redhat-linux/]
  ignore line: [LIBRARY_PATH=/usr/lib/gcc/x86_64-redhat-linux/11/:/usr/lib/gcc/x86_64-redhat-linux/11/../../../../lib64/:/lib/../lib64/:/usr/lib/../lib64/:/data0/biasissi/Scientific_Computing/my_libraries/fftw3/lib/:/data0/biasissi/Scientific_Computing/my_libraries/gsl/lib/:/data0/biasissi/Scientific_Computing/my_libraries/hdf5/lib/:/data0/biasissi/Scientific_Computing/my_libraries/fftw3/lib/:/data0/biasissi/Scientific_Computing/my_libraries/gsl/lib/:/data0/biasissi/Scientific_Computing/my_libraries/hdf5/lib/:/data0/biasissi/Scientific_Computing/my_libraries/fftw3/lib/:/data0/biasissi/Scientific_Computing/my_libraries/gsl/lib/:/data0/biasissi/Scientific_Computing/my_libraries/hdf5/lib/:/data0/biasissi/Scientific_Computing/my_libraries/fftw3/lib/:/data0/biasissi/Scientific_Computing/my_libraries/gsl/lib/:/data0/biasissi/Scientific_Computing/my_libraries/hdf5/lib/:/data0/biasissi/Scientific_Computing/my_libraries/gsl/lib/:/data0/biasissi/Scientific_Computing/my_libraries/hdf5/lib/:/data0/biasissi/Scientific_Computing/my_libraries/gsl/lib/:/data0/biasissi/Scientific_Computing/my_libraries/hdf5/lib/:./:/usr/lib/gcc/x86_64-redhat-linux/11/../../../:/lib/:/usr/lib/]
  ignore line: [COLLECT_GCC_OPTIONS='-I' '/data0/biasissi/Scientific_Computing/my_libraries/hdf5/include' '-I' '/data0/biasissi/Scientific_Computing/my_libraries/gsl/include' '-I' '/data0/biasissi/Scientific_Computing/my_libraries/fftw3/include' '-I' '/' '-v' '-o' 'CMakeFiles/cmTC_d2379.dir/CMakeCXXCompilerABI.cpp.o' '-c' '-shared-libgcc' '-mtune=generic' '-march=x86-64-v2' '-dumpdir' 'CMakeFiles/cmTC_d2379.dir/CMakeCXXCompilerABI.cpp.']
  ignore line: [Linking CXX executable cmTC_d2379]
  ignore line: [/usr/bin/cmake -E cmake_link_script CMakeFiles/cmTC_d2379.dir/link.txt --verbose=1]
  ignore line: [/usr/bin/c++ -I/data0/biasissi/Scientific_Computing/my_libraries/hdf5/include -I/data0/biasissi/Scientific_Computing/my_libraries/gsl/include -I/data0/biasissi/Scientific_Computing/my_libraries/fftw3/include -I/  -L/data0/biasissi/Scientific_Computing/my_libraries/hdf5/lib -L/data0/biasissi/Scientific_Computing/my_libraries/gsl/lib -lhdf5 -lgsl -lgslcblas -L/data0/biasissi/Scientific_Computing/my_libraries/fftw3/lib -lfftw3 -v CMakeFiles/cmTC_d2379.dir/CMakeCXXCompilerABI.cpp.o -o cmTC_d2379 ]
  ignore line: [Using built-in specs.]
  ignore line: [COLLECT_GCC=/usr/bin/c++]
  ignore line: [COLLECT_LTO_WRAPPER=/usr/libexec/gcc/x86_64-redhat-linux/11/lto-wrapper]
  ignore line: [OFFLOAD_TARGET_NAMES=nvptx-none]
  ignore line: [OFFLOAD_TARGET_DEFAULT=1]
  ignore line: [Target: x86_64-redhat-linux]
  ignore line: [Configured with: ../configure --enable-bootstrap --enable-host-pie --enable-host-bind-now --enable-languages=c c++ fortran lto --prefix=/usr --mandir=/usr/share/man --infodir=/usr/share/info --with-bugurl=http://bugs.almalinux.org/ --enable-shared --enable-threads=posix --enable-checking=release --with-system-zlib --enable-__cxa_atexit --disable-libunwind-exceptions --enable-gnu-unique-object --enable-linker-build-id --with-gcc-major-version-only --enable-plugin --enable-initfini-array --without-isl --enable-multilib --with-linker-hash-style=gnu --enable-offload-targets=nvptx-none --without-cuda-driver --enable-gnu-indirect-function --enable-cet --with-tune=generic --with-arch_64=x86-64-v2 --with-arch_32=x86-64 --build=x86_64-redhat-linux --with-build-config=bootstrap-lto --enable-link-serialization=1]
  ignore line: [Thread model: posix]
  ignore line: [Supported LTO compression algorithms: zlib zstd]
  ignore line: [gcc version 11.5.0 20240719 (Red Hat 11.5.0-2) (GCC) ]
  ignore line: [COMPILER_PATH=/usr/libexec/gcc/x86_64-redhat-linux/11/:/usr/libexec/gcc/x86_64-redhat-linux/11/:/usr/libexec/gcc/x86_64-redhat-linux/:/usr/lib/gcc/x86_64-redhat-linux/11/:/usr/lib/gcc/x86_64-redhat-linux/]
  ignore line: [LIBRARY_PATH=/usr/lib/gcc/x86_64-redhat-linux/11/:/usr/lib/gcc/x86_64-redhat-linux/11/../../../../lib64/:/lib/../lib64/:/usr/lib/../lib64/:/data0/biasissi/Scientific_Computing/my_libraries/fftw3/lib/:/data0/biasissi/Scientific_Computing/my_libraries/gsl/lib/:/data0/biasissi/Scientific_Computing/my_libraries/hdf5/lib/:/data0/biasissi/Scientific_Computing/my_libraries/fftw3/lib/:/data0/biasissi/Scientific_Computing/my_libraries/gsl/lib/:/data0/biasissi/Scientific_Computing/my_libraries/hdf5/lib/:/data0/biasissi/Scientific_Computing/my_libraries/fftw3/lib/:/data0/biasissi/Scientific_Computing/my_libraries/gsl/lib/:/data0/biasissi/Scientific_Computing/my_libraries/hdf5/lib/:/data0/biasissi/Scientific_Computing/my_libraries/fftw3/lib/:/data0/biasissi/Scientific_Computing/my_libraries/gsl/lib/:/data0/biasissi/Scientific_Computing/my_libraries/hdf5/lib/:/data0/biasissi/Scientific_Computing/my_libraries/gsl/lib/:/data0/biasissi/Scientific_Computing/my_libraries/hdf5/lib/:/data0/biasissi/Scientific_Computing/my_libraries/gsl/lib/:/data0/biasissi/Scientific_Computing/my_libraries/hdf5/lib/:./:/usr/lib/gcc/x86_64-redhat-linux/11/../../../:/lib/:/usr/lib/]
  ignore line: [COLLECT_GCC_OPTIONS='-I' '/data0/biasissi/Scientific_Computing/my_libraries/hdf5/include' '-I' '/data0/biasissi/Scientific_Computing/my_libraries/gsl/include' '-I' '/data0/biasissi/Scientific_Computing/my_libraries/fftw3/include' '-I' '/' '-L/data0/biasissi/Scientific_Computing/my_libraries/hdf5/lib' '-L/data0/biasissi/Scientific_Computing/my_libraries/gsl/lib' '-L/data0/biasissi/Scientific_Computing/my_libraries/fftw3/lib' '-v' '-o' 'cmTC_d2379' '-shared-libgcc' '-mtune=generic' '-march=x86-64-v2' '-dumpdir' 'cmTC_d2379.']
  link line: [ /usr/libexec/gcc/x86_64-redhat-linux/11/collect2 -plugin /usr/libexec/gcc/x86_64-redhat-linux/11/liblto_plugin.so -plugin-opt=/usr/libexec/gcc/x86_64-redhat-linux/11/lto-wrapper -plugin-opt=-fresolution=/tmp/ccOm5tx5.res -plugin-opt=-pass-through=-lgcc_s -plugin-opt=-pass-through=-lgcc -plugin-opt=-pass-through=-lc -plugin-opt=-pass-through=-lgcc_s -plugin-opt=-pass-through=-lgcc --build-id --no-add-needed --eh-frame-hdr --hash-style=gnu -m elf_x86_64 -dynamic-linker /lib64/ld-linux-x86-64.so.2 -o cmTC_d2379 /usr/lib/gcc/x86_64-redhat-linux/11/../../../../lib64/crt1.o /usr/lib/gcc/x86_64-redhat-linux/11/../../../../lib64/crti.o /usr/lib/gcc/x86_64-redhat-linux/11/crtbegin.o -L/data0/biasissi/Scientific_Computing/my_libraries/hdf5/lib -L/data0/biasissi/Scientific_Computing/my_libraries/gsl/lib -L/data0/biasissi/Scientific_Computing/my_libraries/fftw3/lib -L/usr/lib/gcc/x86_64-redhat-linux/11 -L/usr/lib/gcc/x86_64-redhat-linux/11/../../../../lib64 -L/lib/../lib64 -L/usr/lib/../lib64 -L/data0/biasissi/Scientific_Computing/my_libraries/fftw3/lib -L/data0/biasissi/Scientific_Computing/my_libraries/gsl/lib -L/data0/biasissi/Scientific_Computing/my_libraries/hdf5/lib -L/data0/biasissi/Scientific_Computing/my_libraries/fftw3/lib -L/data0/biasissi/Scientific_Computing/my_libraries/gsl/lib -L/data0/biasissi/Scientific_Computing/my_libraries/hdf5/lib -L/data0/biasissi/Scientific_Computing/my_libraries/fftw3/lib -L/data0/biasissi/Scientific_Computing/my_libraries/gsl/lib -L/data0/biasissi/Scientific_Computing/my_libraries/hdf5/lib -L/data0/biasissi/Scientific_Computing/my_libraries/fftw3/lib -L/data0/biasissi/Scientific_Computing/my_libraries/gsl/lib -L/data0/biasissi/Scientific_Computing/my_libraries/hdf5/lib -L/data0/biasissi/Scientific_Computing/my_libraries/gsl/lib -L/data0/biasissi/Scientific_Computing/my_libraries/hdf5/lib -L/data0/biasissi/Scientific_Computing/my_libraries/gsl/lib -L/data0/biasissi/Scientific_Computing/my_libraries/hdf5/lib -L. -L/usr/lib/gcc/x86_64-redhat-linux/11/../../.. -lhdf5 -lgsl -lgslcblas -lfftw3 CMakeFiles/cmTC_d2379.dir/CMakeCXXCompilerABI.cpp.o -lstdc++ -lm -lgcc_s -lgcc -lc -lgcc_s -lgcc /usr/lib/gcc/x86_64-redhat-linux/11/crtend.o /usr/lib/gcc/x86_64-redhat-linux/11/../../../../lib64/crtn.o]
    arg [/usr/libexec/gcc/x86_64-redhat-linux/11/collect2] ==> ignore
    arg [-plugin] ==> ignore
    arg [/usr/libexec/gcc/x86_64-redhat-linux/11/liblto_plugin.so] ==> ignore
    arg [-plugin-opt=/usr/libexec/gcc/x86_64-redhat-linux/11/lto-wrapper] ==> ignore
    arg [-plugin-opt=-fresolution=/tmp/ccOm5tx5.res] ==> ignore
    arg [-plugin-opt=-pass-through=-lgcc_s] ==> ignore
    arg [-plugin-opt=-pass-through=-lgcc] ==> ignore
    arg [-plugin-opt=-pass-through=-lc] ==> ignore
    arg [-plugin-opt=-pass-through=-lgcc_s] ==> ignore
    arg [-plugin-opt=-pass-through=-lgcc] ==> ignore
    arg [--build-id] ==> ignore
    arg [--no-add-needed] ==> ignore
    arg [--eh-frame-hdr] ==> ignore
    arg [--hash-style=gnu] ==> ignore
    arg [-m] ==> ignore
    arg [elf_x86_64] ==> ignore
    arg [-dynamic-linker] ==> ignore
    arg [/lib64/ld-linux-x86-64.so.2] ==> ignore
    arg [-o] ==> ignore
    arg [cmTC_d2379] ==> ignore
    arg [/usr/lib/gcc/x86_64-redhat-linux/11/../../../../lib64/crt1.o] ==> obj [/usr/lib/gcc/x86_64-redhat-linux/11/../../../../lib64/crt1.o]
    arg [/usr/lib/gcc/x86_64-redhat-linux/11/../../../../lib64/crti.o] ==> obj [/usr/lib/gcc/x86_64-redhat-linux/11/../../../../lib64/crti.o]
    arg [/usr/lib/gcc/x86_64-redhat-linux/11/crtbegin.o] ==> obj [/usr/lib/gcc/x86_64-redhat-linux/11/crtbegin.o]
    arg [-L/data0/biasissi/Scientific_Computing/my_libraries/hdf5/lib] ==> dir [/data0/biasissi/Scientific_Computing/my_libraries/hdf5/lib]
    arg [-L/data0/biasissi/Scientific_Computing/my_libraries/gsl/lib] ==> dir [/data0/biasissi/Scientific_Computing/my_libraries/gsl/lib]
    arg [-L/data0/biasissi/Scientific_Computing/my_libraries/fftw3/lib] ==> dir [/data0/biasissi/Scientific_Computing/my_libraries/fftw3/lib]
    arg [-L/usr/lib/gcc/x86_64-redhat-linux/11] ==> dir [/usr/lib/gcc/x86_64-redhat-linux/11]
    arg [-L/usr/lib/gcc/x86_64-redhat-linux/11/../../../../lib64] ==> dir [/usr/lib/gcc/x86_64-redhat-linux/11/../../../../lib64]
    arg [-L/lib/../lib64] ==> dir [/lib/../lib64]
    arg [-L/usr/lib/../lib64] ==> dir [/usr/lib/../lib64]
    arg [-L/data0/biasissi/Scientific_Computing/my_libraries/fftw3/lib] ==> dir [/data0/biasissi/Scientific_Computing/my_libraries/fftw3/lib]
    arg [-L/data0/biasissi/Scientific_Computing/my_libraries/gsl/lib] ==> dir [/data0/biasissi/Scientific_Computing/my_libraries/gsl/lib]
    arg [-L/data0/biasissi/Scientific_Computing/my_libraries/hdf5/lib] ==> dir [/data0/biasissi/Scientific_Computing/my_libraries/hdf5/lib]
    arg [-L/data0/biasissi/Scientific_Computing/my_libraries/fftw3/lib] ==> dir [/data0/biasissi/Scientific_Computing/my_libraries/fftw3/lib]
    arg [-L/data0/biasissi/Scientific_Computing/my_libraries/gsl/lib] ==> dir [/data0/biasissi/Scientific_Computing/my_libraries/gsl/lib]
    arg [-L/data0/biasissi/Scientific_Computing/my_libraries/hdf5/lib] ==> dir [/data0/biasissi/Scientific_Computing/my_libraries/hdf5/lib]
    arg [-L/data0/biasissi/Scientific_Computing/my_libraries/fftw3/lib] ==> dir [/data0/biasissi/Scientific_Computing/my_libraries/fftw3/lib]
    arg [-L/data0/biasissi/Scientific_Computing/my_libraries/gsl/lib] ==> dir [/data0/biasissi/Scientific_Computing/my_libraries/gsl/lib]
    arg [-L/data0/biasissi/Scientific_Computing/my_libraries/hdf5/lib] ==> dir [/data0/biasissi/Scientific_Computing/my_libraries/hdf5/lib]
    arg [-L/data0/biasissi/Scientific_Computing/my_libraries/fftw3/lib] ==> dir [/data0/biasissi/Scientific_Computing/my_libraries/fftw3/lib]
    arg [-L/data0/biasissi/Scientific_Computing/my_libraries/gsl/lib] ==> dir [/data0/biasissi/Scientific_Computing/my_libraries/gsl/lib]
    arg [-L/data0/biasissi/Scientific_Computing/my_libraries/hdf5/lib] ==> dir [/data0/biasissi/Scientific_Computing/my_libraries/hdf5/lib]
    arg [-L/data0/biasissi/Scientific_Computing/my_libraries/gsl/lib] ==> dir [/data0/biasissi/Scientific_Computing/my_libraries/gsl/lib]
    arg [-L/data0/biasissi/Scientific_Computing/my_libraries/hdf5/lib] ==> dir [/data0/biasissi/Scientific_Computing/my_libraries/hdf5/lib]
    arg [-L/data0/biasissi/Scientific_Computing/my_libraries/gsl/lib] ==> dir [/data0/biasissi/Scientific_Computing/my_libraries/gsl/lib]
    arg [-L/data0/biasissi/Scientific_Computing/my_libraries/hdf5/lib] ==> dir [/data0/biasissi/Scientific_Computing/my_libraries/hdf5/lib]
    arg [-L.] ==> ignore
    arg [-L/usr/lib/gcc/x86_64-redhat-linux/11/../../..] ==> dir [/usr/lib/gcc/x86_64-redhat-linux/11/../../..]
    arg [-lhdf5] ==> lib [hdf5]
    arg [-lgsl] ==> lib [gsl]
    arg [-lgslcblas] ==> lib [gslcblas]
    arg [-lfftw3] ==> lib [fftw3]
    arg [CMakeFiles/cmTC_d2379.dir/CMakeCXXCompilerABI.cpp.o] ==> ignore
    arg [-lstdc++] ==> lib [stdc++]
    arg [-lm] ==> lib [m]
    arg [-lgcc_s] ==> lib [gcc_s]
    arg [-lgcc] ==> lib [gcc]
    arg [-lc] ==> lib [c]
    arg [-lgcc_s] ==> lib [gcc_s]
    arg [-lgcc] ==> lib [gcc]
    arg [/usr/lib/gcc/x86_64-redhat-linux/11/crtend.o] ==> obj [/usr/lib/gcc/x86_64-redhat-linux/11/crtend.o]
    arg [/usr/lib/gcc/x86_64-redhat-linux/11/../../../../lib64/crtn.o] ==> obj [/usr/lib/gcc/x86_64-redhat-linux/11/../../../../lib64/crtn.o]
  collapse obj [/usr/lib/gcc/x86_64-redhat-linux/11/../../../../lib64/crt1.o] ==> [/usr/lib64/crt1.o]
  collapse obj [/usr/lib/gcc/x86_64-redhat-linux/11/../../../../lib64/crti.o] ==> [/usr/lib64/crti.o]
  collapse obj [/usr/lib/gcc/x86_64-redhat-linux/11/../../../../lib64/crtn.o] ==> [/usr/lib64/crtn.o]
  collapse library dir [/data0/biasissi/Scientific_Computing/my_libraries/hdf5/lib] ==> [/data0/biasissi/Scientific_Computing/my_libraries/hdf5/lib]
  collapse library dir [/data0/biasissi/Scientific_Computing/my_libraries/gsl/lib] ==> [/data0/biasissi/Scientific_Computing/my_libraries/gsl/lib]
  collapse library dir [/data0/biasissi/Scientific_Computing/my_libraries/fftw3/lib] ==> [/data0/biasissi/Scientific_Computing/my_libraries/fftw3/lib]
  collapse library dir [/usr/lib/gcc/x86_64-redhat-linux/11] ==> [/usr/lib/gcc/x86_64-redhat-linux/11]
  collapse library dir [/usr/lib/gcc/x86_64-redhat-linux/11/../../../../lib64] ==> [/usr/lib64]
  collapse library dir [/lib/../lib64] ==> [/lib64]
  collapse library dir [/usr/lib/../lib64] ==> [/usr/lib64]
  collapse library dir [/data0/biasissi/Scientific_Computing/my_libraries/fftw3/lib] ==> [/data0/biasissi/Scientific_Computing/my_libraries/fftw3/lib]
  collapse library dir [/data0/biasissi/Scientific_Computing/my_libraries/gsl/lib] ==> [/data0/biasissi/Scientific_Computing/my_libraries/gsl/lib]
  collapse library dir [/data0/biasissi/Scientific_Computing/my_libraries/hdf5/lib] ==> [/data0/biasissi/Scientific_Computing/my_libraries/hdf5/lib]
  collapse library dir [/data0/biasissi/Scientific_Computing/my_libraries/fftw3/lib] ==> [/data0/biasissi/Scientific_Computing/my_libraries/fftw3/lib]
  collapse library dir [/data0/biasissi/Scientific_Computing/my_libraries/gsl/lib] ==> [/data0/biasissi/Scientific_Computing/my_libraries/gsl/lib]
  collapse library dir [/data0/biasissi/Scientific_Computing/my_libraries/hdf5/lib] ==> [/data0/biasissi/Scientific_Computing/my_libraries/hdf5/lib]
  collapse library dir [/data0/biasissi/Scientific_Computing/my_libraries/fftw3/lib] ==> [/data0/biasissi/Scientific_Computing/my_libraries/fftw3/lib]
  collapse library dir [/data0/biasissi/Scientific_Computing/my_libraries/gsl/lib] ==> [/data0/biasissi/Scientific_Computing/my_libraries/gsl/lib]
  collapse library dir [/data0/biasissi/Scientific_Computing/my_libraries/hdf5/lib] ==> [/data0/biasissi/Scientific_Computing/my_libraries/hdf5/lib]
  collapse library dir [/data0/biasissi/Scientific_Computing/my_libraries/fftw3/lib] ==> [/data0/biasissi/Scientific_Computing/my_libraries/fftw3/lib]
  collapse library dir [/data0/biasissi/Scientific_Computing/my_libraries/gsl/lib] ==> [/data0/biasissi/Scientific_Computing/my_libraries/gsl/lib]
  collapse library dir [/data0/biasissi/Scientific_Computing/my_libraries/hdf5/lib] ==> [/data0/biasissi/Scientific_Computing/my_libraries/hdf5/lib]
  collapse library dir [/data0/biasissi/Scientific_Computing/my_libraries/gsl/lib] ==> [/data0/biasissi/Scientific_Computing/my_libraries/gsl/lib]
  collapse library dir [/data0/biasissi/Scientific_Computing/my_libraries/hdf5/lib] ==> [/data0/biasissi/Scientific_Computing/my_libraries/hdf5/lib]
  collapse library dir [/data0/biasissi/Scientific_Computing/my_libraries/gsl/lib] ==> [/data0/biasissi/Scientific_Computing/my_libraries/gsl/lib]
  collapse library dir [/data0/biasissi/Scientific_Computing/my_libraries/hdf5/lib] ==> [/data0/biasissi/Scientific_Computing/my_libraries/hdf5/lib]
  collapse library dir [/usr/lib/gcc/x86_64-redhat-linux/11/../../..] ==> [/usr/lib]
  implicit libs: [hdf5;gsl;gslcblas;fftw3;stdc++;m;gcc_s;gcc;c;gcc_s;gcc]
  implicit objs: [/usr/lib64/crt1.o;/usr/lib64/crti.o;/usr/lib/gcc/x86_64-redhat-linux/11/crtbegin.o;/usr/lib/gcc/x86_64-redhat-linux/11/crtend.o;/usr/lib64/crtn.o]
  implicit dirs: [/data0/biasissi/Scientific_Computing/my_libraries/hdf5/lib;/data0/biasissi/Scientific_Computing/my_libraries/gsl/lib;/data0/biasissi/Scientific_Computing/my_libraries/fftw3/lib;/usr/lib/gcc/x86_64-redhat-linux/11;/usr/lib64;/lib64;/usr/lib]
  implicit fwks: []


